Node IP: 10.1.20.242
| distributed init (rank 0): env://
| distributed init (rank 1): env://
| distributed init (rank 3): env://
| distributed init (rank 2): env://
compute-gpu-dy-distributed-ml-1:41430:41430 [0] NCCL INFO Bootstrap : Using eth0:10.1.20.242<0>
compute-gpu-dy-distributed-ml-1:41430:41430 [0] NCCL INFO NET/Plugin: Failed to find ncclCollNetPlugin_v6 symbol.
compute-gpu-dy-distributed-ml-1:41430:41430 [0] NCCL INFO NET/Plugin: Failed to find ncclCollNetPlugin symbol (v4 or v5).
compute-gpu-dy-distributed-ml-1:41430:41430 [0] NCCL INFO cudaDriverVersion 12020
NCCL version 2.18.1+cuda11.6
compute-gpu-dy-distributed-ml-1:41432:41432 [2] NCCL INFO cudaDriverVersion 12020
compute-gpu-dy-distributed-ml-1:41432:41432 [2] NCCL INFO Bootstrap : Using eth0:10.1.20.242<0>
compute-gpu-dy-distributed-ml-1:41432:41432 [2] NCCL INFO NET/Plugin: Failed to find ncclCollNetPlugin_v6 symbol.
compute-gpu-dy-distributed-ml-1:41432:41432 [2] NCCL INFO NET/Plugin: Failed to find ncclCollNetPlugin symbol (v4 or v5).
compute-gpu-dy-distributed-ml-1:41431:41431 [1] NCCL INFO cudaDriverVersion 12020
compute-gpu-dy-distributed-ml-1:41431:41431 [1] NCCL INFO Bootstrap : Using eth0:10.1.20.242<0>
compute-gpu-dy-distributed-ml-1:41431:41431 [1] NCCL INFO NET/Plugin: Failed to find ncclCollNetPlugin_v6 symbol.
compute-gpu-dy-distributed-ml-1:41431:41431 [1] NCCL INFO NET/Plugin: Failed to find ncclCollNetPlugin symbol (v4 or v5).
compute-gpu-dy-distributed-ml-1:41433:41433 [3] NCCL INFO cudaDriverVersion 12020
compute-gpu-dy-distributed-ml-1:41433:41433 [3] NCCL INFO Bootstrap : Using eth0:10.1.20.242<0>
compute-gpu-dy-distributed-ml-1:41433:41433 [3] NCCL INFO NET/Plugin: Failed to find ncclCollNetPlugin_v6 symbol.
compute-gpu-dy-distributed-ml-1:41433:41433 [3] NCCL INFO NET/Plugin: Failed to find ncclCollNetPlugin symbol (v4 or v5).
compute-gpu-dy-distributed-ml-1:41430:41480 [0] NCCL INFO NET/OFI Using aws-ofi-nccl 1.5.0aws
compute-gpu-dy-distributed-ml-1:41430:41480 [0] NCCL INFO NET/OFI Configuring AWS-specific options
compute-gpu-dy-distributed-ml-1:41430:41480 [0] NCCL INFO NET/OFI Selected Provider is efa (found 1 nics)
compute-gpu-dy-distributed-ml-1:41430:41480 [0] NCCL INFO Using network AWS Libfabric
compute-gpu-dy-distributed-ml-1:41432:41481 [2] NCCL INFO NET/OFI Using aws-ofi-nccl 1.5.0aws
compute-gpu-dy-distributed-ml-1:41432:41481 [2] NCCL INFO NET/OFI Configuring AWS-specific options
compute-gpu-dy-distributed-ml-1:41432:41481 [2] NCCL INFO NET/OFI Selected Provider is efa (found 1 nics)
compute-gpu-dy-distributed-ml-1:41432:41481 [2] NCCL INFO Using network AWS Libfabric
compute-gpu-dy-distributed-ml-1:41431:41482 [1] NCCL INFO NET/OFI Using aws-ofi-nccl 1.5.0aws
compute-gpu-dy-distributed-ml-1:41431:41482 [1] NCCL INFO NET/OFI Configuring AWS-specific options
compute-gpu-dy-distributed-ml-1:41433:41483 [3] NCCL INFO NET/OFI Using aws-ofi-nccl 1.5.0aws
compute-gpu-dy-distributed-ml-1:41433:41483 [3] NCCL INFO NET/OFI Configuring AWS-specific options
compute-gpu-dy-distributed-ml-1:41431:41482 [1] NCCL INFO NET/OFI Selected Provider is efa (found 1 nics)
compute-gpu-dy-distributed-ml-1:41431:41482 [1] NCCL INFO Using network AWS Libfabric
compute-gpu-dy-distributed-ml-1:41433:41483 [3] NCCL INFO NET/OFI Selected Provider is efa (found 1 nics)
compute-gpu-dy-distributed-ml-1:41433:41483 [3] NCCL INFO Using network AWS Libfabric
compute-gpu-dy-distributed-ml-1:41431:41482 [1] NCCL INFO Trees [0] 2/-1/-1->1->0 [1] 2/-1/-1->1->0
compute-gpu-dy-distributed-ml-1:41431:41482 [1] NCCL INFO P2P Chunksize set to 131072
compute-gpu-dy-distributed-ml-1:41430:41480 [0] NCCL INFO Channel 00/02 :    0   1   2   3
compute-gpu-dy-distributed-ml-1:41432:41481 [2] NCCL INFO Trees [0] 3/-1/-1->2->1 [1] 3/-1/-1->2->1
compute-gpu-dy-distributed-ml-1:41430:41480 [0] NCCL INFO Channel 01/02 :    0   1   2   3
compute-gpu-dy-distributed-ml-1:41433:41483 [3] NCCL INFO Trees [0] -1/-1/-1->3->2 [1] -1/-1/-1->3->2
compute-gpu-dy-distributed-ml-1:41432:41481 [2] NCCL INFO P2P Chunksize set to 131072
compute-gpu-dy-distributed-ml-1:41430:41480 [0] NCCL INFO Trees [0] 1/-1/-1->0->-1 [1] 1/-1/-1->0->-1
compute-gpu-dy-distributed-ml-1:41433:41483 [3] NCCL INFO P2P Chunksize set to 131072
compute-gpu-dy-distributed-ml-1:41430:41480 [0] NCCL INFO P2P Chunksize set to 131072
compute-gpu-dy-distributed-ml-1:41430:41480 [0] NCCL INFO Channel 00 : 0[1b0] -> 1[1c0] via SHM/direct/direct
compute-gpu-dy-distributed-ml-1:41431:41482 [1] NCCL INFO Channel 00 : 1[1c0] -> 2[1d0] via SHM/direct/direct
compute-gpu-dy-distributed-ml-1:41432:41481 [2] NCCL INFO Channel 00 : 2[1d0] -> 3[1e0] via SHM/direct/direct
compute-gpu-dy-distributed-ml-1:41433:41483 [3] NCCL INFO Channel 00 : 3[1e0] -> 0[1b0] via SHM/direct/direct
compute-gpu-dy-distributed-ml-1:41430:41480 [0] NCCL INFO Channel 01 : 0[1b0] -> 1[1c0] via SHM/direct/direct
compute-gpu-dy-distributed-ml-1:41431:41482 [1] NCCL INFO Channel 01 : 1[1c0] -> 2[1d0] via SHM/direct/direct
compute-gpu-dy-distributed-ml-1:41432:41481 [2] NCCL INFO Channel 01 : 2[1d0] -> 3[1e0] via SHM/direct/direct
compute-gpu-dy-distributed-ml-1:41433:41483 [3] NCCL INFO Channel 01 : 3[1e0] -> 0[1b0] via SHM/direct/direct
compute-gpu-dy-distributed-ml-1:41431:41482 [1] NCCL INFO Connected all rings
compute-gpu-dy-distributed-ml-1:41430:41480 [0] NCCL INFO Connected all rings
compute-gpu-dy-distributed-ml-1:41433:41483 [3] NCCL INFO Connected all rings
compute-gpu-dy-distributed-ml-1:41432:41481 [2] NCCL INFO Connected all rings
compute-gpu-dy-distributed-ml-1:41433:41483 [3] NCCL INFO Channel 00 : 3[1e0] -> 2[1d0] via SHM/direct/direct
compute-gpu-dy-distributed-ml-1:41433:41483 [3] NCCL INFO Channel 01 : 3[1e0] -> 2[1d0] via SHM/direct/direct
compute-gpu-dy-distributed-ml-1:41431:41482 [1] NCCL INFO Channel 00 : 1[1c0] -> 0[1b0] via SHM/direct/direct
compute-gpu-dy-distributed-ml-1:41432:41481 [2] NCCL INFO Channel 00 : 2[1d0] -> 1[1c0] via SHM/direct/direct
compute-gpu-dy-distributed-ml-1:41431:41482 [1] NCCL INFO Channel 01 : 1[1c0] -> 0[1b0] via SHM/direct/direct
compute-gpu-dy-distributed-ml-1:41432:41481 [2] NCCL INFO Channel 01 : 2[1d0] -> 1[1c0] via SHM/direct/direct
compute-gpu-dy-distributed-ml-1:41430:41480 [0] NCCL INFO Connected all trees
compute-gpu-dy-distributed-ml-1:41430:41480 [0] NCCL INFO NCCL_PROTO set by environment to simple
compute-gpu-dy-distributed-ml-1:41430:41480 [0] NCCL INFO threadThresholds 8/8/64 | 32/8/64 | 512 | 512
compute-gpu-dy-distributed-ml-1:41430:41480 [0] NCCL INFO 2 coll channels, 0 nvls channels, 2 p2p channels, 2 p2p channels per peer
compute-gpu-dy-distributed-ml-1:41433:41483 [3] NCCL INFO Connected all trees
compute-gpu-dy-distributed-ml-1:41433:41483 [3] NCCL INFO NCCL_PROTO set by environment to simple
compute-gpu-dy-distributed-ml-1:41433:41483 [3] NCCL INFO threadThresholds 8/8/64 | 32/8/64 | 512 | 512
compute-gpu-dy-distributed-ml-1:41433:41483 [3] NCCL INFO 2 coll channels, 0 nvls channels, 2 p2p channels, 2 p2p channels per peer
compute-gpu-dy-distributed-ml-1:41431:41482 [1] NCCL INFO Connected all trees
compute-gpu-dy-distributed-ml-1:41431:41482 [1] NCCL INFO NCCL_PROTO set by environment to simple
compute-gpu-dy-distributed-ml-1:41431:41482 [1] NCCL INFO threadThresholds 8/8/64 | 32/8/64 | 512 | 512
compute-gpu-dy-distributed-ml-1:41431:41482 [1] NCCL INFO 2 coll channels, 0 nvls channels, 2 p2p channels, 2 p2p channels per peer
compute-gpu-dy-distributed-ml-1:41432:41481 [2] NCCL INFO Connected all trees
compute-gpu-dy-distributed-ml-1:41432:41481 [2] NCCL INFO NCCL_PROTO set by environment to simple
compute-gpu-dy-distributed-ml-1:41432:41481 [2] NCCL INFO threadThresholds 8/8/64 | 32/8/64 | 512 | 512
compute-gpu-dy-distributed-ml-1:41432:41481 [2] NCCL INFO 2 coll channels, 0 nvls channels, 2 p2p channels, 2 p2p channels per peer
compute-gpu-dy-distributed-ml-1:41432:41481 [2] NCCL INFO comm 0x59720dc0 rank 2 nranks 4 cudaDev 2 busId 1d0 commId 0xb6d89d685d60d01c - Init COMPLETE
compute-gpu-dy-distributed-ml-1:41430:41480 [0] NCCL INFO comm 0x5a298cc0 rank 0 nranks 4 cudaDev 0 busId 1b0 commId 0xb6d89d685d60d01c - Init COMPLETE
compute-gpu-dy-distributed-ml-1:41431:41482 [1] NCCL INFO comm 0x5a705980 rank 1 nranks 4 cudaDev 1 busId 1c0 commId 0xb6d89d685d60d01c - Init COMPLETE
compute-gpu-dy-distributed-ml-1:41433:41483 [3] NCCL INFO comm 0x5aa2d750 rank 3 nranks 4 cudaDev 3 busId 1e0 commId 0xb6d89d685d60d01c - Init COMPLETE
git:
  sha: ed4a20002b61c520f0ccd650caa518bdef1a1790, status: has uncommited changes, branch: main

arch: vit_small
batch_size_per_gpu: 30
center_crop: 0
channel_dict: {0: 'aTub', 1: 'BF', 2: 'DAPI', 3: 'Oct4', 4: 'PE'}
clip_grad: 3.0
dataset_dir: /fsx/fsx
dino_vit_name: mySCDINOmodel
dist_url: env://
drop_path_rate: 0.1
epochs: 3
freeze_last_layer: 1
full_ViT_name: mySCDINOmodel_
global_crops_scale: (0.4, 1.0)
gpu: 0
images_are_RGB: False
local_crops_number: 8
local_crops_scale: (0.05, 0.4)
local_rank: 0
lr: 0.0005
min_lr: 1e-06
momentum_teacher: 0.996
name_of_run: scDino_pcluster_full_0
norm_last_layer: True
norm_per_channel_file: /fsx/outputdir/scDino_pcluster_full_0/mean_and_std_of_dataset.txt
num_workers: 16
optimizer: adamw
out_dim: 65536
output_dir: /fsx/outputdir
parse_params: None
patch_size: 16
rank: 0
saveckp_freq: 1
seed: 40
selected_channels: [0, 1, 2, 3, 4]
teacher_temp: 0.04
train_datasetsplit_fraction: 0.8
upscale_factor: 0
use_bn_in_head: False
use_fp16: True
warmup_epochs: 1
warmup_teacher_temp: 0.04
warmup_teacher_temp_epochs: 0
weight_decay: 0.04
weight_decay_end: 0.4
world_size: 4
saving log file of run parameters
ENTERING CUSTOM DATSET CLASS
Split between train and test dataset: 90852 22712
Train dataset consists of 90852 images.
Successfully loaded data.
Student and Teacher are built: they are both vit_small network.
Loss, optimizer and schedulers ready.
Starting DINO training !
Epoch: [0/3]  [  0/758]  eta: 2:21:13  loss: 10.855597 (10.855597)  lr: 0.000000 (0.000000)  wd: 0.040000 (0.040000)  time: 11.178691  data: 7.442708  max mem: 5693
Epoch: [0/3]  [ 10/758]  eta: 0:19:40  loss: 10.888114 (10.894920)  lr: 0.000002 (0.000002)  wd: 0.040004 (0.040006)  time: 1.577874  data: 0.676752  max mem: 6020
Epoch: [0/3]  [ 20/758]  eta: 0:13:47  loss: 10.914104 (10.916142)  lr: 0.000003 (0.000003)  wd: 0.040017 (0.040023)  time: 0.617832  data: 0.000161  max mem: 6020
Epoch: [0/3]  [ 30/758]  eta: 0:11:38  loss: 10.930743 (10.923287)  lr: 0.000006 (0.000005)  wd: 0.040069 (0.040052)  time: 0.618667  data: 0.000163  max mem: 6020
Epoch: [0/3]  [ 40/758]  eta: 0:10:29  loss: 10.929294 (10.921066)  lr: 0.000009 (0.000006)  wd: 0.040155 (0.040093)  time: 0.619596  data: 0.000176  max mem: 6020
Epoch: [0/3]  [ 50/758]  eta: 0:09:45  loss: 10.903431 (10.915069)  lr: 0.000012 (0.000008)  wd: 0.040275 (0.040145)  time: 0.621262  data: 0.000200  max mem: 6020
Epoch: [0/3]  [ 60/758]  eta: 0:09:13  loss: 10.866638 (10.905771)  lr: 0.000015 (0.000009)  wd: 0.040429 (0.040208)  time: 0.623609  data: 0.000206  max mem: 6020
Epoch: [0/3]  [ 70/758]  eta: 0:08:50  loss: 10.860821 (10.897551)  lr: 0.000019 (0.000011)  wd: 0.040618 (0.040282)  time: 0.627341  data: 0.000206  max mem: 6020
Epoch: [0/3]  [ 80/758]  eta: 0:08:30  loss: 10.821028 (10.886013)  lr: 0.000022 (0.000012)  wd: 0.040841 (0.040369)  time: 0.627590  data: 0.000183  max mem: 6020
Epoch: [0/3]  [ 90/758]  eta: 0:08:13  loss: 10.782637 (10.874930)  lr: 0.000025 (0.000014)  wd: 0.041098 (0.040466)  time: 0.625309  data: 0.000178  max mem: 6020
Epoch: [0/3]  [100/758]  eta: 0:07:58  loss: 10.777892 (10.864371)  lr: 0.000028 (0.000015)  wd: 0.041390 (0.040575)  time: 0.624493  data: 0.000210  max mem: 6020
Epoch: [0/3]  [110/758]  eta: 0:07:45  loss: 10.747173 (10.852499)  lr: 0.000031 (0.000017)  wd: 0.041715 (0.040695)  time: 0.624862  data: 0.000211  max mem: 6020
Epoch: [0/3]  [120/758]  eta: 0:07:33  loss: 10.719899 (10.841548)  lr: 0.000034 (0.000019)  wd: 0.042074 (0.040827)  time: 0.624594  data: 0.000192  max mem: 6020
Epoch: [0/3]  [130/758]  eta: 0:07:21  loss: 10.694440 (10.829999)  lr: 0.000037 (0.000020)  wd: 0.042468 (0.040970)  time: 0.622950  data: 0.000195  max mem: 6020
Epoch: [0/3]  [140/758]  eta: 0:07:11  loss: 10.668812 (10.818013)  lr: 0.000040 (0.000022)  wd: 0.042895 (0.041124)  time: 0.623168  data: 0.000191  max mem: 6020
Epoch: [0/3]  [150/758]  eta: 0:07:01  loss: 10.650723 (10.807229)  lr: 0.000043 (0.000023)  wd: 0.043356 (0.041290)  time: 0.626658  data: 0.000195  max mem: 6020
Epoch: [0/3]  [160/758]  eta: 0:06:52  loss: 10.650174 (10.796424)  lr: 0.000046 (0.000025)  wd: 0.043851 (0.041467)  time: 0.626636  data: 0.000211  max mem: 6020
Epoch: [0/3]  [170/758]  eta: 0:06:42  loss: 10.631910 (10.786044)  lr: 0.000050 (0.000026)  wd: 0.044380 (0.041655)  time: 0.622705  data: 0.000200  max mem: 6020
Epoch: [0/3]  [180/758]  eta: 0:06:33  loss: 10.599798 (10.775825)  lr: 0.000053 (0.000028)  wd: 0.044942 (0.041855)  time: 0.622261  data: 0.000185  max mem: 6020
Epoch: [0/3]  [190/758]  eta: 0:06:25  loss: 10.584828 (10.766227)  lr: 0.000056 (0.000029)  wd: 0.045537 (0.042065)  time: 0.622548  data: 0.000181  max mem: 6020
Epoch: [0/3]  [200/758]  eta: 0:06:17  loss: 10.579059 (10.756870)  lr: 0.000059 (0.000031)  wd: 0.046166 (0.042287)  time: 0.622778  data: 0.000195  max mem: 6020
Epoch: [0/3]  [210/758]  eta: 0:06:08  loss: 10.564553 (10.747674)  lr: 0.000062 (0.000033)  wd: 0.046827 (0.042520)  time: 0.622977  data: 0.000207  max mem: 6020
Epoch: [0/3]  [220/758]  eta: 0:06:01  loss: 10.539034 (10.738201)  lr: 0.000065 (0.000034)  wd: 0.047522 (0.042765)  time: 0.623325  data: 0.000199  max mem: 6020
Epoch: [0/3]  [230/758]  eta: 0:05:53  loss: 10.529489 (10.729892)  lr: 0.000068 (0.000036)  wd: 0.048250 (0.043020)  time: 0.623421  data: 0.000185  max mem: 6020
Epoch: [0/3]  [240/758]  eta: 0:05:45  loss: 10.518274 (10.721310)  lr: 0.000071 (0.000037)  wd: 0.049011 (0.043287)  time: 0.623549  data: 0.000180  max mem: 6020
Epoch: [0/3]  [250/758]  eta: 0:05:38  loss: 10.519806 (10.713781)  lr: 0.000074 (0.000039)  wd: 0.049804 (0.043564)  time: 0.624006  data: 0.000187  max mem: 6020
Epoch: [0/3]  [260/758]  eta: 0:05:30  loss: 10.515889 (10.705554)  lr: 0.000077 (0.000040)  wd: 0.050630 (0.043853)  time: 0.624533  data: 0.000197  max mem: 6020
Epoch: [0/3]  [270/758]  eta: 0:05:23  loss: 10.483826 (10.697226)  lr: 0.000080 (0.000042)  wd: 0.051488 (0.044153)  time: 0.625282  data: 0.000190  max mem: 6020
Epoch: [0/3]  [280/758]  eta: 0:05:16  loss: 10.469575 (10.689288)  lr: 0.000084 (0.000043)  wd: 0.052378 (0.044463)  time: 0.625647  data: 0.000181  max mem: 6020
Epoch: [0/3]  [290/758]  eta: 0:05:08  loss: 10.459218 (10.681140)  lr: 0.000087 (0.000045)  wd: 0.053300 (0.044785)  time: 0.625740  data: 0.000182  max mem: 6020
Epoch: [0/3]  [300/758]  eta: 0:05:01  loss: 10.455933 (10.673910)  lr: 0.000090 (0.000046)  wd: 0.054254 (0.045118)  time: 0.625823  data: 0.000193  max mem: 6020
Epoch: [0/3]  [310/758]  eta: 0:04:54  loss: 10.448071 (10.666257)  lr: 0.000093 (0.000048)  wd: 0.055240 (0.045461)  time: 0.625949  data: 0.000194  max mem: 6020
Epoch: [0/3]  [320/758]  eta: 0:04:47  loss: 10.445306 (10.659417)  lr: 0.000096 (0.000050)  wd: 0.056257 (0.045815)  time: 0.626662  data: 0.000181  max mem: 6020
Epoch: [0/3]  [330/758]  eta: 0:04:40  loss: 10.454953 (10.653123)  lr: 0.000099 (0.000051)  wd: 0.057305 (0.046180)  time: 0.627412  data: 0.000193  max mem: 6020
Epoch: [0/3]  [340/758]  eta: 0:04:33  loss: 10.426605 (10.646163)  lr: 0.000102 (0.000053)  wd: 0.058385 (0.046556)  time: 0.628610  data: 0.000196  max mem: 6020
Epoch: [0/3]  [350/758]  eta: 0:04:26  loss: 10.424363 (10.640352)  lr: 0.000105 (0.000054)  wd: 0.059495 (0.046942)  time: 0.628588  data: 0.000184  max mem: 6020
Epoch: [0/3]  [360/758]  eta: 0:04:20  loss: 10.441835 (10.634595)  lr: 0.000108 (0.000056)  wd: 0.060636 (0.047339)  time: 0.628368  data: 0.000190  max mem: 6020
Epoch: [0/3]  [370/758]  eta: 0:04:13  loss: 10.443379 (10.629383)  lr: 0.000111 (0.000057)  wd: 0.061807 (0.047747)  time: 0.628812  data: 0.000185  max mem: 6020
Epoch: [0/3]  [380/758]  eta: 0:04:06  loss: 10.409145 (10.623232)  lr: 0.000115 (0.000059)  wd: 0.063008 (0.048165)  time: 0.629724  data: 0.000186  max mem: 6020
Epoch: [0/3]  [390/758]  eta: 0:03:59  loss: 10.396385 (10.617519)  lr: 0.000118 (0.000060)  wd: 0.064240 (0.048594)  time: 0.631567  data: 0.000198  max mem: 6020
Epoch: [0/3]  [400/758]  eta: 0:03:53  loss: 10.388280 (10.611764)  lr: 0.000121 (0.000062)  wd: 0.065501 (0.049033)  time: 0.632908  data: 0.000200  max mem: 6020
Epoch: [0/3]  [410/758]  eta: 0:03:46  loss: 10.368237 (10.605857)  lr: 0.000124 (0.000063)  wd: 0.066792 (0.049483)  time: 0.632841  data: 0.000194  max mem: 6020
Epoch: [0/3]  [420/758]  eta: 0:03:39  loss: 10.363347 (10.599961)  lr: 0.000127 (0.000065)  wd: 0.068112 (0.049943)  time: 0.632502  data: 0.000178  max mem: 6020
Epoch: [0/3]  [430/758]  eta: 0:03:33  loss: 10.359730 (10.594226)  lr: 0.000130 (0.000067)  wd: 0.069461 (0.050414)  time: 0.636108  data: 0.000186  max mem: 6020
Epoch: [0/3]  [440/758]  eta: 0:03:26  loss: 10.345701 (10.588355)  lr: 0.000133 (0.000068)  wd: 0.070838 (0.050894)  time: 0.637182  data: 0.000189  max mem: 6020
Epoch: [0/3]  [450/758]  eta: 0:03:20  loss: 10.333187 (10.582684)  lr: 0.000136 (0.000070)  wd: 0.072244 (0.051385)  time: 0.635772  data: 0.000187  max mem: 6020
Epoch: [0/3]  [460/758]  eta: 0:03:13  loss: 10.315068 (10.575763)  lr: 0.000139 (0.000071)  wd: 0.073679 (0.051886)  time: 0.637582  data: 0.000190  max mem: 6020
Epoch: [0/3]  [470/758]  eta: 0:03:06  loss: 10.267360 (10.568894)  lr: 0.000142 (0.000073)  wd: 0.075141 (0.052397)  time: 0.640923  data: 0.000189  max mem: 6020
Epoch: [0/3]  [480/758]  eta: 0:03:00  loss: 10.260651 (10.561488)  lr: 0.000146 (0.000074)  wd: 0.076631 (0.052918)  time: 0.643423  data: 0.000185  max mem: 6020
Epoch: [0/3]  [490/758]  eta: 0:02:53  loss: 10.173130 (10.552653)  lr: 0.000149 (0.000076)  wd: 0.078148 (0.053449)  time: 0.643631  data: 0.000171  max mem: 6020
Epoch: [0/3]  [500/758]  eta: 0:02:47  loss: 10.075994 (10.542004)  lr: 0.000152 (0.000077)  wd: 0.079692 (0.053990)  time: 0.644735  data: 0.000172  max mem: 6020
Epoch: [0/3]  [510/758]  eta: 0:02:40  loss: 9.941091 (10.530155)  lr: 0.000155 (0.000079)  wd: 0.081263 (0.054541)  time: 0.646335  data: 0.000186  max mem: 6020
Epoch: [0/3]  [520/758]  eta: 0:02:34  loss: 9.843199 (10.516301)  lr: 0.000158 (0.000080)  wd: 0.082861 (0.055102)  time: 0.648615  data: 0.000192  max mem: 6020
Epoch: [0/3]  [530/758]  eta: 0:02:27  loss: 9.819868 (10.499298)  lr: 0.000161 (0.000082)  wd: 0.084485 (0.055672)  time: 0.653214  data: 0.000194  max mem: 6020
Epoch: [0/3]  [540/758]  eta: 0:02:21  loss: 9.441459 (10.480048)  lr: 0.000164 (0.000084)  wd: 0.086134 (0.056252)  time: 0.655191  data: 0.000205  max mem: 6020
Epoch: [0/3]  [550/758]  eta: 0:02:15  loss: 9.352868 (10.458660)  lr: 0.000167 (0.000085)  wd: 0.087809 (0.056842)  time: 0.655850  data: 0.000205  max mem: 6020
Epoch: [0/3]  [560/758]  eta: 0:02:08  loss: 9.174364 (10.433364)  lr: 0.000170 (0.000087)  wd: 0.089510 (0.057441)  time: 0.656318  data: 0.000186  max mem: 6020
Epoch: [0/3]  [570/758]  eta: 0:02:02  loss: 8.824680 (10.405170)  lr: 0.000173 (0.000088)  wd: 0.091235 (0.058050)  time: 0.656422  data: 0.000183  max mem: 6020
Epoch: [0/3]  [580/758]  eta: 0:01:55  loss: 8.619955 (10.376456)  lr: 0.000176 (0.000090)  wd: 0.092985 (0.058668)  time: 0.658470  data: 0.000193  max mem: 6020
Epoch: [0/3]  [590/758]  eta: 0:01:49  loss: 8.365726 (10.336235)  lr: 0.000180 (0.000091)  wd: 0.094759 (0.059295)  time: 0.662077  data: 0.000191  max mem: 6020
Epoch: [0/3]  [600/758]  eta: 0:01:42  loss: 8.071345 (10.299270)  lr: 0.000183 (0.000093)  wd: 0.096557 (0.059932)  time: 0.665393  data: 0.000191  max mem: 6020
Epoch: [0/3]  [610/758]  eta: 0:01:36  loss: 8.071345 (10.263039)  lr: 0.000186 (0.000094)  wd: 0.098378 (0.060578)  time: 0.664808  data: 0.000183  max mem: 6020
Epoch: [0/3]  [620/758]  eta: 0:01:29  loss: 7.510477 (10.215283)  lr: 0.000189 (0.000096)  wd: 0.100223 (0.061233)  time: 0.662877  data: 0.000186  max mem: 6020
Epoch: [0/3]  [630/758]  eta: 0:01:23  loss: 7.491652 (10.179270)  lr: 0.000192 (0.000098)  wd: 0.102091 (0.061897)  time: 0.661033  data: 0.000192  max mem: 6020
Epoch: [0/3]  [640/758]  eta: 0:01:16  loss: 7.916255 (10.142231)  lr: 0.000195 (0.000099)  wd: 0.103981 (0.062569)  time: 0.659850  data: 0.000187  max mem: 6020
Epoch: [0/3]  [650/758]  eta: 0:01:10  loss: 7.457582 (10.098548)  lr: 0.000198 (0.000101)  wd: 0.105893 (0.063251)  time: 0.659758  data: 0.000188  max mem: 6020
Epoch: [0/3]  [660/758]  eta: 0:01:03  loss: 7.064222 (10.052952)  lr: 0.000201 (0.000102)  wd: 0.107827 (0.063942)  time: 0.659993  data: 0.000192  max mem: 6020
Epoch: [0/3]  [670/758]  eta: 0:00:57  loss: 7.209574 (10.012286)  lr: 0.000204 (0.000104)  wd: 0.109783 (0.064641)  time: 0.661703  data: 0.000196  max mem: 6020
Epoch: [0/3]  [680/758]  eta: 0:00:50  loss: 7.423716 (9.974596)  lr: 0.000207 (0.000105)  wd: 0.111759 (0.065349)  time: 0.659047  data: 0.000191  max mem: 6020
Epoch: [0/3]  [690/758]  eta: 0:00:44  loss: 7.112892 (9.931367)  lr: 0.000211 (0.000107)  wd: 0.113757 (0.066066)  time: 0.655126  data: 0.000189  max mem: 6020
Epoch: [0/3]  [700/758]  eta: 0:00:37  loss: 6.818616 (9.888573)  lr: 0.000214 (0.000108)  wd: 0.115774 (0.066791)  time: 0.654623  data: 0.000193  max mem: 6020
Epoch: [0/3]  [710/758]  eta: 0:00:31  loss: 6.967072 (9.851038)  lr: 0.000217 (0.000110)  wd: 0.117811 (0.067524)  time: 0.654801  data: 0.000189  max mem: 6020
Epoch: [0/3]  [720/758]  eta: 0:00:24  loss: 6.911685 (9.809265)  lr: 0.000220 (0.000111)  wd: 0.119868 (0.068266)  time: 0.656180  data: 0.000205  max mem: 6020
Epoch: [0/3]  [730/758]  eta: 0:00:18  loss: 6.587126 (9.768793)  lr: 0.000223 (0.000113)  wd: 0.121944 (0.069016)  time: 0.661154  data: 0.000211  max mem: 6020
Epoch: [0/3]  [740/758]  eta: 0:00:11  loss: 6.587126 (9.728693)  lr: 0.000226 (0.000115)  wd: 0.124039 (0.069774)  time: 0.665196  data: 0.000139  max mem: 6020
Epoch: [0/3]  [750/758]  eta: 0:00:05  loss: 6.365948 (9.684948)  lr: 0.000229 (0.000116)  wd: 0.126152 (0.070541)  time: 0.665518  data: 0.000077  max mem: 6020
Epoch: [0/3]  [757/758]  eta: 0:00:00  loss: 6.315988 (9.658329)  lr: 0.000231 (0.000117)  wd: 0.127642 (0.071082)  time: 0.651623  data: 0.000076  max mem: 6020
Epoch: [0/3] Total time: 0:08:14 (0.652459 s / it)
Averaged stats: loss: 6.315988 (9.653360)  lr: 0.000231 (0.000117)  wd: 0.127642 (0.071082)
Epoch: [1/3]  [  0/758]  eta: 1:10:50  loss: 6.754304 (6.754304)  lr: 0.000234 (0.000234)  wd: 0.130000 (0.130000)  time: 5.607491  data: 4.886235  max mem: 6022
Epoch: [1/3]  [ 10/758]  eta: 0:13:46  loss: 6.029690 (6.175261)  lr: 0.000234 (0.000234)  wd: 0.131079 (0.131080)  time: 1.104282  data: 0.444373  max mem: 6207
Epoch: [1/3]  [ 20/758]  eta: 0:10:57  loss: 5.913962 (5.923579)  lr: 0.000234 (0.000234)  wd: 0.132162 (0.132165)  time: 0.654793  data: 0.000177  max mem: 6207
Epoch: [1/3]  [ 30/758]  eta: 0:09:53  loss: 5.913962 (5.896370)  lr: 0.000234 (0.000234)  wd: 0.134341 (0.133256)  time: 0.656349  data: 0.000173  max mem: 6207
Epoch: [1/3]  [ 40/758]  eta: 0:09:18  loss: 5.747391 (5.806202)  lr: 0.000234 (0.000234)  wd: 0.136536 (0.134352)  time: 0.658424  data: 0.000201  max mem: 6207
Epoch: [1/3]  [ 50/758]  eta: 0:08:54  loss: 5.596130 (5.792514)  lr: 0.000234 (0.000234)  wd: 0.138747 (0.135454)  time: 0.660832  data: 0.000214  max mem: 6207
Epoch: [1/3]  [ 60/758]  eta: 0:08:36  loss: 5.273005 (5.656075)  lr: 0.000234 (0.000234)  wd: 0.140974 (0.136561)  time: 0.663003  data: 0.000193  max mem: 6207
Epoch: [1/3]  [ 70/758]  eta: 0:08:21  loss: 4.917906 (5.606660)  lr: 0.000233 (0.000234)  wd: 0.143216 (0.137673)  time: 0.665143  data: 0.000182  max mem: 6207
Epoch: [1/3]  [ 80/758]  eta: 0:08:09  loss: 4.917906 (5.460498)  lr: 0.000233 (0.000234)  wd: 0.145472 (0.138790)  time: 0.667059  data: 0.000184  max mem: 6207
Epoch: [1/3]  [ 90/758]  eta: 0:07:57  loss: 4.802506 (5.416122)  lr: 0.000233 (0.000234)  wd: 0.147743 (0.139912)  time: 0.664363  data: 0.000194  max mem: 6207
Epoch: [1/3]  [100/758]  eta: 0:07:46  loss: 4.606435 (5.321923)  lr: 0.000232 (0.000234)  wd: 0.150027 (0.141038)  time: 0.659294  data: 0.000197  max mem: 6207
Epoch: [1/3]  [110/758]  eta: 0:07:36  loss: 4.341311 (5.242390)  lr: 0.000232 (0.000233)  wd: 0.152325 (0.142169)  time: 0.657293  data: 0.000194  max mem: 6207
Epoch: [1/3]  [120/758]  eta: 0:07:27  loss: 4.281889 (5.190614)  lr: 0.000231 (0.000233)  wd: 0.154636 (0.143305)  time: 0.659116  data: 0.000185  max mem: 6207
Epoch: [1/3]  [130/758]  eta: 0:07:18  loss: 4.170575 (5.132138)  lr: 0.000231 (0.000233)  wd: 0.156959 (0.144445)  time: 0.659498  data: 0.000181  max mem: 6207
Epoch: [1/3]  [140/758]  eta: 0:07:09  loss: 4.325739 (5.084601)  lr: 0.000230 (0.000233)  wd: 0.159294 (0.145590)  time: 0.655496  data: 0.000188  max mem: 6207
Epoch: [1/3]  [150/758]  eta: 0:07:00  loss: 4.154098 (5.025921)  lr: 0.000229 (0.000232)  wd: 0.161641 (0.146739)  time: 0.653753  data: 0.000194  max mem: 6207
Epoch: [1/3]  [160/758]  eta: 0:06:52  loss: 4.202435 (4.994631)  lr: 0.000229 (0.000232)  wd: 0.163999 (0.147892)  time: 0.654437  data: 0.000189  max mem: 6207
Epoch: [1/3]  [170/758]  eta: 0:06:44  loss: 4.304183 (4.957318)  lr: 0.000228 (0.000232)  wd: 0.166367 (0.149049)  time: 0.654658  data: 0.000174  max mem: 6207
Epoch: [1/3]  [180/758]  eta: 0:06:36  loss: 4.458600 (4.926072)  lr: 0.000227 (0.000232)  wd: 0.168746 (0.150209)  time: 0.654515  data: 0.000175  max mem: 6207
Epoch: [1/3]  [190/758]  eta: 0:06:28  loss: 4.282063 (4.897326)  lr: 0.000226 (0.000231)  wd: 0.171135 (0.151374)  time: 0.656158  data: 0.000177  max mem: 6207
Epoch: [1/3]  [200/758]  eta: 0:06:21  loss: 4.282063 (4.864478)  lr: 0.000225 (0.000231)  wd: 0.173533 (0.152542)  time: 0.658441  data: 0.000184  max mem: 6207
Epoch: [1/3]  [210/758]  eta: 0:06:13  loss: 4.467045 (4.851811)  lr: 0.000224 (0.000231)  wd: 0.175940 (0.153714)  time: 0.658960  data: 0.000196  max mem: 6207
Epoch: [1/3]  [220/758]  eta: 0:06:06  loss: 4.572465 (4.839807)  lr: 0.000223 (0.000230)  wd: 0.178355 (0.154889)  time: 0.659858  data: 0.000199  max mem: 6207
Epoch: [1/3]  [230/758]  eta: 0:05:59  loss: 4.700249 (4.827370)  lr: 0.000222 (0.000230)  wd: 0.180778 (0.156068)  time: 0.661113  data: 0.000188  max mem: 6207
Epoch: [1/3]  [240/758]  eta: 0:05:51  loss: 4.505330 (4.802107)  lr: 0.000221 (0.000230)  wd: 0.183209 (0.157250)  time: 0.662122  data: 0.000189  max mem: 6207
Epoch: [1/3]  [250/758]  eta: 0:05:44  loss: 4.093835 (4.773400)  lr: 0.000220 (0.000229)  wd: 0.185646 (0.158434)  time: 0.663492  data: 0.000187  max mem: 6207
Epoch: [1/3]  [260/758]  eta: 0:05:37  loss: 4.507752 (4.776233)  lr: 0.000219 (0.000229)  wd: 0.188090 (0.159622)  time: 0.663894  data: 0.000190  max mem: 6207
Epoch: [1/3]  [270/758]  eta: 0:05:30  loss: 4.603179 (4.748115)  lr: 0.000218 (0.000228)  wd: 0.190541 (0.160813)  time: 0.663315  data: 0.000197  max mem: 6207
Epoch: [1/3]  [280/758]  eta: 0:05:23  loss: 4.156222 (4.736105)  lr: 0.000216 (0.000228)  wd: 0.192997 (0.162007)  time: 0.662044  data: 0.000197  max mem: 6207
Epoch: [1/3]  [290/758]  eta: 0:05:16  loss: 4.290132 (4.733996)  lr: 0.000215 (0.000227)  wd: 0.195458 (0.163203)  time: 0.662668  data: 0.000208  max mem: 6207
Epoch: [1/3]  [300/758]  eta: 0:05:09  loss: 4.703931 (4.735078)  lr: 0.000214 (0.000227)  wd: 0.197924 (0.164401)  time: 0.660880  data: 0.000206  max mem: 6207
Epoch: [1/3]  [310/758]  eta: 0:05:02  loss: 4.127850 (4.713145)  lr: 0.000212 (0.000227)  wd: 0.200394 (0.165602)  time: 0.657619  data: 0.000206  max mem: 6207
Epoch: [1/3]  [320/758]  eta: 0:04:55  loss: 4.118846 (4.704965)  lr: 0.000211 (0.000226)  wd: 0.202867 (0.166806)  time: 0.657482  data: 0.000194  max mem: 6207
Epoch: [1/3]  [330/758]  eta: 0:04:48  loss: 4.653744 (4.705961)  lr: 0.000209 (0.000225)  wd: 0.205344 (0.168011)  time: 0.658176  data: 0.000188  max mem: 6207
Epoch: [1/3]  [340/758]  eta: 0:04:41  loss: 4.592434 (4.705054)  lr: 0.000208 (0.000225)  wd: 0.207824 (0.169219)  time: 0.659246  data: 0.000188  max mem: 6207
Epoch: [1/3]  [350/758]  eta: 0:04:34  loss: 4.264063 (4.691646)  lr: 0.000206 (0.000224)  wd: 0.210306 (0.170428)  time: 0.657222  data: 0.000185  max mem: 6207
Epoch: [1/3]  [360/758]  eta: 0:04:27  loss: 4.465458 (4.698452)  lr: 0.000205 (0.000224)  wd: 0.212790 (0.171640)  time: 0.655149  data: 0.000190  max mem: 6207
Epoch: [1/3]  [370/758]  eta: 0:04:20  loss: 4.890852 (4.697637)  lr: 0.000203 (0.000223)  wd: 0.215276 (0.172853)  time: 0.654862  data: 0.000191  max mem: 6207
Epoch: [1/3]  [380/758]  eta: 0:04:14  loss: 4.615431 (4.695211)  lr: 0.000202 (0.000223)  wd: 0.217762 (0.174067)  time: 0.655679  data: 0.000185  max mem: 6207
Epoch: [1/3]  [390/758]  eta: 0:04:07  loss: 4.134626 (4.678636)  lr: 0.000200 (0.000222)  wd: 0.220249 (0.175283)  time: 0.656490  data: 0.000186  max mem: 6207
Epoch: [1/3]  [400/758]  eta: 0:04:00  loss: 4.092616 (4.665164)  lr: 0.000198 (0.000221)  wd: 0.222735 (0.176501)  time: 0.658484  data: 0.000202  max mem: 6207
Epoch: [1/3]  [410/758]  eta: 0:03:53  loss: 4.133197 (4.660173)  lr: 0.000196 (0.000221)  wd: 0.225221 (0.177719)  time: 0.660987  data: 0.000196  max mem: 6207
Epoch: [1/3]  [420/758]  eta: 0:03:46  loss: 3.999676 (4.649846)  lr: 0.000195 (0.000220)  wd: 0.227707 (0.178939)  time: 0.664426  data: 0.000177  max mem: 6207
Epoch: [1/3]  [430/758]  eta: 0:03:40  loss: 4.196224 (4.648866)  lr: 0.000193 (0.000220)  wd: 0.230190 (0.180160)  time: 0.666083  data: 0.000179  max mem: 6207
Epoch: [1/3]  [440/758]  eta: 0:03:33  loss: 4.406883 (4.646045)  lr: 0.000191 (0.000219)  wd: 0.232672 (0.181382)  time: 0.663414  data: 0.000186  max mem: 6207
Epoch: [1/3]  [450/758]  eta: 0:03:26  loss: 4.398485 (4.644369)  lr: 0.000189 (0.000218)  wd: 0.235151 (0.182604)  time: 0.662125  data: 0.000193  max mem: 6207
Epoch: [1/3]  [460/758]  eta: 0:03:19  loss: 4.601008 (4.644146)  lr: 0.000187 (0.000217)  wd: 0.237628 (0.183827)  time: 0.662483  data: 0.000205  max mem: 6207
Epoch: [1/3]  [470/758]  eta: 0:03:13  loss: 4.601008 (4.644997)  lr: 0.000185 (0.000217)  wd: 0.240101 (0.185051)  time: 0.663753  data: 0.000199  max mem: 6207
Epoch: [1/3]  [480/758]  eta: 0:03:06  loss: 4.563840 (4.646539)  lr: 0.000183 (0.000216)  wd: 0.242570 (0.186275)  time: 0.662999  data: 0.000187  max mem: 6207
Epoch: [1/3]  [490/758]  eta: 0:02:59  loss: 4.600104 (4.641686)  lr: 0.000181 (0.000215)  wd: 0.245035 (0.187499)  time: 0.660537  data: 0.000194  max mem: 6207
Epoch: [1/3]  [500/758]  eta: 0:02:52  loss: 4.583997 (4.637970)  lr: 0.000179 (0.000215)  wd: 0.247495 (0.188724)  time: 0.659979  data: 0.000193  max mem: 6207
Epoch: [1/3]  [510/758]  eta: 0:02:46  loss: 4.481788 (4.635312)  lr: 0.000177 (0.000214)  wd: 0.249950 (0.189948)  time: 0.660817  data: 0.000190  max mem: 6207
Epoch: [1/3]  [520/758]  eta: 0:02:39  loss: 4.618743 (4.637468)  lr: 0.000175 (0.000213)  wd: 0.252399 (0.191173)  time: 0.661430  data: 0.000201  max mem: 6207
Epoch: [1/3]  [530/758]  eta: 0:02:32  loss: 4.627052 (4.633817)  lr: 0.000173 (0.000212)  wd: 0.254842 (0.192397)  time: 0.662137  data: 0.000201  max mem: 6207
Epoch: [1/3]  [540/758]  eta: 0:02:25  loss: 4.701114 (4.636737)  lr: 0.000171 (0.000211)  wd: 0.257278 (0.193621)  time: 0.659562  data: 0.000199  max mem: 6207
Epoch: [1/3]  [550/758]  eta: 0:02:19  loss: 4.762261 (4.635883)  lr: 0.000168 (0.000211)  wd: 0.259707 (0.194844)  time: 0.656725  data: 0.000203  max mem: 6207
Epoch: [1/3]  [560/758]  eta: 0:02:12  loss: 4.493210 (4.633079)  lr: 0.000166 (0.000210)  wd: 0.262129 (0.196068)  time: 0.656042  data: 0.000210  max mem: 6207
Epoch: [1/3]  [570/758]  eta: 0:02:05  loss: 4.493210 (4.631359)  lr: 0.000164 (0.000209)  wd: 0.264543 (0.197290)  time: 0.656275  data: 0.000215  max mem: 6207
Epoch: [1/3]  [580/758]  eta: 0:01:58  loss: 4.590122 (4.635291)  lr: 0.000162 (0.000208)  wd: 0.266948 (0.198512)  time: 0.657756  data: 0.000213  max mem: 6207
Epoch: [1/3]  [590/758]  eta: 0:01:52  loss: 4.590122 (4.632862)  lr: 0.000160 (0.000207)  wd: 0.269344 (0.199732)  time: 0.657088  data: 0.000188  max mem: 6207
Epoch: [1/3]  [600/758]  eta: 0:01:45  loss: 4.633303 (4.633042)  lr: 0.000157 (0.000207)  wd: 0.271730 (0.200952)  time: 0.659467  data: 0.000177  max mem: 6207
Epoch: [1/3]  [610/758]  eta: 0:01:38  loss: 4.942696 (4.634960)  lr: 0.000155 (0.000206)  wd: 0.274107 (0.202171)  time: 0.660794  data: 0.000189  max mem: 6207
Epoch: [1/3]  [620/758]  eta: 0:01:32  loss: 5.064270 (4.638775)  lr: 0.000153 (0.000205)  wd: 0.276474 (0.203388)  time: 0.661814  data: 0.000186  max mem: 6207
Epoch: [1/3]  [630/758]  eta: 0:01:25  loss: 4.605273 (4.635907)  lr: 0.000150 (0.000204)  wd: 0.278830 (0.204604)  time: 0.664706  data: 0.000175  max mem: 6207
Epoch: [1/3]  [640/758]  eta: 0:01:18  loss: 4.636983 (4.640891)  lr: 0.000148 (0.000203)  wd: 0.281174 (0.205819)  time: 0.663914  data: 0.000178  max mem: 6207
Epoch: [1/3]  [650/758]  eta: 0:01:12  loss: 4.740193 (4.642601)  lr: 0.000146 (0.000202)  wd: 0.283507 (0.207032)  time: 0.663264  data: 0.000195  max mem: 6207
Epoch: [1/3]  [660/758]  eta: 0:01:05  loss: 4.901011 (4.645094)  lr: 0.000143 (0.000201)  wd: 0.285828 (0.208243)  time: 0.664858  data: 0.000195  max mem: 6207
Epoch: [1/3]  [670/758]  eta: 0:00:58  loss: 4.706176 (4.646876)  lr: 0.000141 (0.000200)  wd: 0.288136 (0.209452)  time: 0.662967  data: 0.000192  max mem: 6207
Epoch: [1/3]  [680/758]  eta: 0:00:52  loss: 4.996661 (4.654755)  lr: 0.000139 (0.000199)  wd: 0.290431 (0.210660)  time: 0.658302  data: 0.000195  max mem: 6207
Epoch: [1/3]  [690/758]  eta: 0:00:45  loss: 4.912337 (4.653297)  lr: 0.000136 (0.000198)  wd: 0.292712 (0.211865)  time: 0.658437  data: 0.000189  max mem: 6207
Epoch: [1/3]  [700/758]  eta: 0:00:38  loss: 4.727466 (4.658467)  lr: 0.000134 (0.000198)  wd: 0.294980 (0.213069)  time: 0.664080  data: 0.000189  max mem: 6207
Epoch: [1/3]  [710/758]  eta: 0:00:32  loss: 4.581112 (4.652458)  lr: 0.000131 (0.000197)  wd: 0.297234 (0.214270)  time: 0.662898  data: 0.000193  max mem: 6207
Epoch: [1/3]  [720/758]  eta: 0:00:25  loss: 4.581112 (4.656179)  lr: 0.000129 (0.000196)  wd: 0.299473 (0.215469)  time: 0.655865  data: 0.000196  max mem: 6207
Epoch: [1/3]  [730/758]  eta: 0:00:18  loss: 4.933056 (4.662297)  lr: 0.000127 (0.000195)  wd: 0.301696 (0.216665)  time: 0.657601  data: 0.000173  max mem: 6207
Epoch: [1/3]  [740/758]  eta: 0:00:11  loss: 4.861468 (4.663871)  lr: 0.000124 (0.000194)  wd: 0.303904 (0.217858)  time: 0.661245  data: 0.000111  max mem: 6207
Epoch: [1/3]  [750/758]  eta: 0:00:05  loss: 4.818884 (4.669052)  lr: 0.000122 (0.000193)  wd: 0.306096 (0.219049)  time: 0.663086  data: 0.000072  max mem: 6207
Epoch: [1/3]  [757/758]  eta: 0:00:00  loss: 4.748372 (4.670467)  lr: 0.000120 (0.000192)  wd: 0.307621 (0.219881)  time: 0.641456  data: 0.000070  max mem: 6207
Epoch: [1/3] Total time: 0:08:25 (0.666419 s / it)
Averaged stats: loss: 4.748372 (4.684418)  lr: 0.000120 (0.000192)  wd: 0.307621 (0.219881)
Epoch: [2/3]  [  0/758]  eta: 0:56:29  loss: 6.146337 (6.146337)  lr: 0.000118 (0.000118)  wd: 0.310000 (0.310000)  time: 4.471575  data: 3.721339  max mem: 6207
Epoch: [2/3]  [ 10/758]  eta: 0:12:30  loss: 4.828120 (4.617708)  lr: 0.000116 (0.000116)  wd: 0.311075 (0.311074)  time: 1.002984  data: 0.338508  max mem: 6207
Epoch: [2/3]  [ 20/758]  eta: 0:10:20  loss: 4.828120 (4.735724)  lr: 0.000115 (0.000115)  wd: 0.312145 (0.312142)  time: 0.658539  data: 0.000214  max mem: 6207
Epoch: [2/3]  [ 30/758]  eta: 0:09:29  loss: 4.813190 (4.734390)  lr: 0.000113 (0.000114)  wd: 0.314272 (0.313204)  time: 0.660947  data: 0.000205  max mem: 6207
Epoch: [2/3]  [ 40/758]  eta: 0:09:01  loss: 4.674786 (4.725335)  lr: 0.000110 (0.000113)  wd: 0.316382 (0.314260)  time: 0.664895  data: 0.000200  max mem: 6207
Epoch: [2/3]  [ 50/758]  eta: 0:08:42  loss: 4.674257 (4.780407)  lr: 0.000108 (0.000112)  wd: 0.318473 (0.315310)  time: 0.668633  data: 0.000198  max mem: 6207
Epoch: [2/3]  [ 60/758]  eta: 0:08:26  loss: 4.636130 (4.734595)  lr: 0.000105 (0.000110)  wd: 0.320545 (0.316353)  time: 0.667696  data: 0.000199  max mem: 6207
Epoch: [2/3]  [ 70/758]  eta: 0:08:13  loss: 4.467546 (4.714395)  lr: 0.000103 (0.000109)  wd: 0.322598 (0.317390)  time: 0.664876  data: 0.000185  max mem: 6207
Epoch: [2/3]  [ 80/758]  eta: 0:08:01  loss: 4.609819 (4.705576)  lr: 0.000101 (0.000108)  wd: 0.324631 (0.318421)  time: 0.664349  data: 0.000182  max mem: 6207
Epoch: [2/3]  [ 90/758]  eta: 0:07:51  loss: 4.824557 (4.747798)  lr: 0.000098 (0.000107)  wd: 0.326645 (0.319446)  time: 0.663781  data: 0.000192  max mem: 6207
Epoch: [2/3]  [100/758]  eta: 0:07:41  loss: 4.996426 (4.729469)  lr: 0.000096 (0.000106)  wd: 0.328638 (0.320463)  time: 0.661472  data: 0.000185  max mem: 6207
Epoch: [2/3]  [110/758]  eta: 0:07:31  loss: 4.901919 (4.734711)  lr: 0.000093 (0.000104)  wd: 0.330610 (0.321474)  time: 0.661371  data: 0.000193  max mem: 6207
Epoch: [2/3]  [120/758]  eta: 0:07:22  loss: 4.709809 (4.709476)  lr: 0.000091 (0.000103)  wd: 0.332561 (0.322478)  time: 0.660283  data: 0.000191  max mem: 6207
Epoch: [2/3]  [130/758]  eta: 0:07:14  loss: 4.709809 (4.712301)  lr: 0.000089 (0.000102)  wd: 0.334491 (0.323476)  time: 0.659285  data: 0.000180  max mem: 6207
Epoch: [2/3]  [140/758]  eta: 0:07:05  loss: 4.819065 (4.721040)  lr: 0.000086 (0.000101)  wd: 0.336399 (0.324466)  time: 0.658623  data: 0.000190  max mem: 6207
Epoch: [2/3]  [150/758]  eta: 0:06:57  loss: 5.004295 (4.760691)  lr: 0.000084 (0.000100)  wd: 0.338284 (0.325449)  time: 0.658524  data: 0.000198  max mem: 6207
Epoch: [2/3]  [160/758]  eta: 0:06:49  loss: 4.774789 (4.744919)  lr: 0.000082 (0.000099)  wd: 0.340148 (0.326425)  time: 0.658279  data: 0.000199  max mem: 6207
Epoch: [2/3]  [170/758]  eta: 0:06:42  loss: 4.652062 (4.767883)  lr: 0.000079 (0.000097)  wd: 0.341988 (0.327393)  time: 0.656945  data: 0.000203  max mem: 6207
Epoch: [2/3]  [180/758]  eta: 0:06:34  loss: 4.992603 (4.770480)  lr: 0.000077 (0.000096)  wd: 0.343805 (0.328355)  time: 0.657714  data: 0.000200  max mem: 6207
Epoch: [2/3]  [190/758]  eta: 0:06:26  loss: 5.006266 (4.781954)  lr: 0.000075 (0.000095)  wd: 0.345598 (0.329309)  time: 0.657548  data: 0.000192  max mem: 6207
Epoch: [2/3]  [200/758]  eta: 0:06:19  loss: 4.957710 (4.783546)  lr: 0.000073 (0.000094)  wd: 0.347367 (0.330255)  time: 0.658833  data: 0.000189  max mem: 6207
Epoch: [2/3]  [210/758]  eta: 0:06:12  loss: 4.772326 (4.785036)  lr: 0.000070 (0.000093)  wd: 0.349112 (0.331194)  time: 0.663017  data: 0.000179  max mem: 6207
Epoch: [2/3]  [220/758]  eta: 0:06:04  loss: 4.834993 (4.784661)  lr: 0.000068 (0.000092)  wd: 0.350832 (0.332124)  time: 0.661400  data: 0.000193  max mem: 6207
Epoch: [2/3]  [230/758]  eta: 0:05:57  loss: 4.683754 (4.778435)  lr: 0.000066 (0.000090)  wd: 0.352528 (0.333048)  time: 0.658873  data: 0.000206  max mem: 6207
Epoch: [2/3]  [240/758]  eta: 0:05:50  loss: 5.086234 (4.790521)  lr: 0.000064 (0.000089)  wd: 0.354198 (0.333963)  time: 0.657807  data: 0.000196  max mem: 6207
Epoch: [2/3]  [250/758]  eta: 0:05:43  loss: 5.168406 (4.791151)  lr: 0.000062 (0.000088)  wd: 0.355842 (0.334870)  time: 0.655712  data: 0.000175  max mem: 6207
Epoch: [2/3]  [260/758]  eta: 0:05:36  loss: 4.599175 (4.788458)  lr: 0.000060 (0.000087)  wd: 0.357461 (0.335769)  time: 0.657207  data: 0.000178  max mem: 6207
Epoch: [2/3]  [270/758]  eta: 0:05:29  loss: 4.618845 (4.781738)  lr: 0.000058 (0.000086)  wd: 0.359053 (0.336660)  time: 0.658738  data: 0.000197  max mem: 6207
Epoch: [2/3]  [280/758]  eta: 0:05:22  loss: 4.618845 (4.779780)  lr: 0.000056 (0.000085)  wd: 0.360619 (0.337543)  time: 0.659133  data: 0.000193  max mem: 6207
Epoch: [2/3]  [290/758]  eta: 0:05:15  loss: 4.878055 (4.784965)  lr: 0.000054 (0.000084)  wd: 0.362158 (0.338418)  time: 0.661057  data: 0.000180  max mem: 6207
Epoch: [2/3]  [300/758]  eta: 0:05:08  loss: 4.917034 (4.782156)  lr: 0.000052 (0.000083)  wd: 0.363670 (0.339284)  time: 0.662418  data: 0.000178  max mem: 6207
Epoch: [2/3]  [310/758]  eta: 0:05:01  loss: 4.748631 (4.780630)  lr: 0.000050 (0.000081)  wd: 0.365154 (0.340141)  time: 0.665338  data: 0.000196  max mem: 6207
Epoch: [2/3]  [320/758]  eta: 0:04:54  loss: 4.569332 (4.775391)  lr: 0.000048 (0.000080)  wd: 0.366611 (0.340991)  time: 0.665696  data: 0.000199  max mem: 6207
Epoch: [2/3]  [330/758]  eta: 0:04:47  loss: 4.734648 (4.778807)  lr: 0.000046 (0.000079)  wd: 0.368039 (0.341831)  time: 0.662870  data: 0.000190  max mem: 6207
Epoch: [2/3]  [340/758]  eta: 0:04:40  loss: 4.639353 (4.773769)  lr: 0.000044 (0.000078)  wd: 0.369440 (0.342663)  time: 0.660343  data: 0.000195  max mem: 6207
Epoch: [2/3]  [350/758]  eta: 0:04:34  loss: 4.566589 (4.767897)  lr: 0.000042 (0.000077)  wd: 0.370812 (0.343486)  time: 0.659187  data: 0.000203  max mem: 6207
Epoch: [2/3]  [360/758]  eta: 0:04:27  loss: 4.658701 (4.781748)  lr: 0.000040 (0.000076)  wd: 0.372155 (0.344300)  time: 0.658521  data: 0.000197  max mem: 6207
Epoch: [2/3]  [370/758]  eta: 0:04:20  loss: 4.831277 (4.785877)  lr: 0.000038 (0.000075)  wd: 0.373469 (0.345106)  time: 0.655805  data: 0.000194  max mem: 6207
Epoch: [2/3]  [380/758]  eta: 0:04:13  loss: 4.780603 (4.786817)  lr: 0.000037 (0.000074)  wd: 0.374754 (0.345902)  time: 0.656086  data: 0.000196  max mem: 6207
Epoch: [2/3]  [390/758]  eta: 0:04:06  loss: 4.411671 (4.771457)  lr: 0.000035 (0.000073)  wd: 0.376009 (0.346689)  time: 0.655958  data: 0.000195  max mem: 6207
Epoch: [2/3]  [400/758]  eta: 0:03:59  loss: 4.467225 (4.779165)  lr: 0.000033 (0.000072)  wd: 0.377234 (0.347467)  time: 0.654629  data: 0.000204  max mem: 6207
Epoch: [2/3]  [410/758]  eta: 0:03:52  loss: 4.975526 (4.777869)  lr: 0.000032 (0.000071)  wd: 0.378430 (0.348236)  time: 0.655871  data: 0.000198  max mem: 6207
Epoch: [2/3]  [420/758]  eta: 0:03:46  loss: 4.812537 (4.768497)  lr: 0.000030 (0.000070)  wd: 0.379595 (0.348996)  time: 0.655960  data: 0.000193  max mem: 6207
Epoch: [2/3]  [430/758]  eta: 0:03:39  loss: 4.728529 (4.772806)  lr: 0.000028 (0.000069)  wd: 0.380730 (0.349747)  time: 0.655413  data: 0.000193  max mem: 6207
Epoch: [2/3]  [440/758]  eta: 0:03:32  loss: 4.957293 (4.773710)  lr: 0.000027 (0.000068)  wd: 0.381834 (0.350488)  time: 0.658005  data: 0.000202  max mem: 6207
Epoch: [2/3]  [450/758]  eta: 0:03:25  loss: 4.826421 (4.772343)  lr: 0.000025 (0.000067)  wd: 0.382907 (0.351219)  time: 0.661356  data: 0.000207  max mem: 6207
Epoch: [2/3]  [460/758]  eta: 0:03:19  loss: 4.885214 (4.775411)  lr: 0.000024 (0.000066)  wd: 0.383949 (0.351941)  time: 0.662388  data: 0.000186  max mem: 6207
Epoch: [2/3]  [470/758]  eta: 0:03:12  loss: 4.889319 (4.777666)  lr: 0.000022 (0.000065)  wd: 0.384960 (0.352654)  time: 0.663244  data: 0.000178  max mem: 6207
Epoch: [2/3]  [480/758]  eta: 0:03:05  loss: 4.781671 (4.773730)  lr: 0.000021 (0.000064)  wd: 0.385939 (0.353357)  time: 0.664983  data: 0.000189  max mem: 6207
Epoch: [2/3]  [490/758]  eta: 0:02:59  loss: 4.675526 (4.775665)  lr: 0.000020 (0.000063)  wd: 0.386887 (0.354050)  time: 0.665162  data: 0.000190  max mem: 6207
Epoch: [2/3]  [500/758]  eta: 0:02:52  loss: 5.084523 (4.780453)  lr: 0.000018 (0.000062)  wd: 0.387803 (0.354733)  time: 0.664209  data: 0.000187  max mem: 6207
Epoch: [2/3]  [510/758]  eta: 0:02:45  loss: 4.980937 (4.776380)  lr: 0.000017 (0.000062)  wd: 0.388686 (0.355407)  time: 0.664727  data: 0.000189  max mem: 6207
Epoch: [2/3]  [520/758]  eta: 0:02:38  loss: 4.641184 (4.778921)  lr: 0.000016 (0.000061)  wd: 0.389538 (0.356071)  time: 0.664118  data: 0.000182  max mem: 6207
Epoch: [2/3]  [530/758]  eta: 0:02:32  loss: 4.936205 (4.779327)  lr: 0.000015 (0.000060)  wd: 0.390357 (0.356725)  time: 0.661054  data: 0.000178  max mem: 6207
Epoch: [2/3]  [540/758]  eta: 0:02:25  loss: 4.662240 (4.774402)  lr: 0.000014 (0.000059)  wd: 0.391144 (0.357369)  time: 0.659778  data: 0.000190  max mem: 6207
Epoch: [2/3]  [550/758]  eta: 0:02:18  loss: 4.326970 (4.769083)  lr: 0.000013 (0.000058)  wd: 0.391898 (0.358003)  time: 0.664408  data: 0.000205  max mem: 6207
Epoch: [2/3]  [560/758]  eta: 0:02:12  loss: 4.487376 (4.770711)  lr: 0.000012 (0.000057)  wd: 0.392619 (0.358626)  time: 0.665209  data: 0.000210  max mem: 6207
Epoch: [2/3]  [570/758]  eta: 0:02:05  loss: 4.646613 (4.771587)  lr: 0.000011 (0.000056)  wd: 0.393308 (0.359240)  time: 0.659075  data: 0.000201  max mem: 6207
Epoch: [2/3]  [580/758]  eta: 0:01:58  loss: 4.839712 (4.772097)  lr: 0.000010 (0.000056)  wd: 0.393963 (0.359844)  time: 0.657009  data: 0.000191  max mem: 6207
Epoch: [2/3]  [590/758]  eta: 0:01:52  loss: 4.538512 (4.766987)  lr: 0.000009 (0.000055)  wd: 0.394585 (0.360437)  time: 0.656160  data: 0.000186  max mem: 6207
Epoch: [2/3]  [600/758]  eta: 0:01:45  loss: 4.538512 (4.769627)  lr: 0.000008 (0.000054)  wd: 0.395174 (0.361020)  time: 0.655173  data: 0.000185  max mem: 6207
Epoch: [2/3]  [610/758]  eta: 0:01:38  loss: 4.696482 (4.766846)  lr: 0.000007 (0.000053)  wd: 0.395729 (0.361593)  time: 0.655400  data: 0.000193  max mem: 6207
Epoch: [2/3]  [620/758]  eta: 0:01:31  loss: 4.460028 (4.762016)  lr: 0.000006 (0.000053)  wd: 0.396251 (0.362155)  time: 0.656289  data: 0.000189  max mem: 6207
Epoch: [2/3]  [630/758]  eta: 0:01:25  loss: 4.369936 (4.754215)  lr: 0.000006 (0.000052)  wd: 0.396739 (0.362708)  time: 0.658331  data: 0.000187  max mem: 6207
Epoch: [2/3]  [640/758]  eta: 0:01:18  loss: 4.454780 (4.756859)  lr: 0.000005 (0.000051)  wd: 0.397193 (0.363249)  time: 0.660124  data: 0.000189  max mem: 6207
Epoch: [2/3]  [650/758]  eta: 0:01:11  loss: 4.812899 (4.754143)  lr: 0.000004 (0.000050)  wd: 0.397613 (0.363780)  time: 0.662012  data: 0.000178  max mem: 6207
Epoch: [2/3]  [660/758]  eta: 0:01:05  loss: 4.671812 (4.751695)  lr: 0.000004 (0.000050)  wd: 0.398000 (0.364301)  time: 0.661896  data: 0.000174  max mem: 6207
Epoch: [2/3]  [670/758]  eta: 0:00:58  loss: 4.664883 (4.752089)  lr: 0.000003 (0.000049)  wd: 0.398353 (0.364811)  time: 0.661956  data: 0.000195  max mem: 6207
Epoch: [2/3]  [680/758]  eta: 0:00:51  loss: 4.198436 (4.745374)  lr: 0.000003 (0.000048)  wd: 0.398671 (0.365311)  time: 0.663807  data: 0.000217  max mem: 6207
Epoch: [2/3]  [690/758]  eta: 0:00:45  loss: 4.467423 (4.744500)  lr: 0.000002 (0.000048)  wd: 0.398956 (0.365800)  time: 0.664979  data: 0.000212  max mem: 6207
Epoch: [2/3]  [700/758]  eta: 0:00:38  loss: 4.681725 (4.746221)  lr: 0.000002 (0.000047)  wd: 0.399206 (0.366278)  time: 0.664946  data: 0.000203  max mem: 6207
Epoch: [2/3]  [710/758]  eta: 0:00:31  loss: 5.136193 (4.752311)  lr: 0.000002 (0.000046)  wd: 0.399422 (0.366746)  time: 0.664022  data: 0.000195  max mem: 6207
Epoch: [2/3]  [720/758]  eta: 0:00:25  loss: 5.159863 (4.754015)  lr: 0.000002 (0.000046)  wd: 0.399604 (0.367202)  time: 0.663198  data: 0.000186  max mem: 6207
Epoch: [2/3]  [730/758]  eta: 0:00:18  loss: 4.891001 (4.757174)  lr: 0.000001 (0.000045)  wd: 0.399752 (0.367649)  time: 0.662595  data: 0.000180  max mem: 6207
Epoch: [2/3]  [740/758]  eta: 0:00:11  loss: 4.705099 (4.757196)  lr: 0.000001 (0.000044)  wd: 0.399865 (0.368084)  time: 0.662635  data: 0.000123  max mem: 6207
Epoch: [2/3]  [750/758]  eta: 0:00:05  loss: 4.820786 (4.760484)  lr: 0.000001 (0.000044)  wd: 0.399944 (0.368509)  time: 0.663131  data: 0.000072  max mem: 6207
Epoch: [2/3]  [757/758]  eta: 0:00:00  loss: 4.903188 (4.760926)  lr: 0.000001 (0.000043)  wd: 0.399979 (0.368799)  time: 0.638825  data: 0.000070  max mem: 6207
Epoch: [2/3] Total time: 0:08:24 (0.665630 s / it)
Averaged stats: loss: 4.903188 (4.768989)  lr: 0.000001 (0.000043)  wd: 0.399979 (0.368799)
compute-gpu-dy-distributed-ml-1:41433:41488 [3] NCCL INFO [Service thread] Connection closed by localRank 3
compute-gpu-dy-distributed-ml-1:41431:41486 [1] NCCL INFO [Service thread] Connection closed by localRank 1
compute-gpu-dy-distributed-ml-1:41432:41487 [2] NCCL INFO [Service thread] Connection closed by localRank 2
compute-gpu-dy-distributed-ml-1:41433:41433 [3] NCCL INFO comm 0x5aa2d750 rank 3 nranks 4 cudaDev 3 busId 1e0 - Abort COMPLETE
compute-gpu-dy-distributed-ml-1:41431:41431 [1] NCCL INFO comm 0x5a705980 rank 1 nranks 4 cudaDev 1 busId 1c0 - Abort COMPLETE
compute-gpu-dy-distributed-ml-1:41432:41432 [2] NCCL INFO comm 0x59720dc0 rank 2 nranks 4 cudaDev 2 busId 1d0 - Abort COMPLETE
Training time 0:25:12
compute-gpu-dy-distributed-ml-1:41430:41485 [0] NCCL INFO [Service thread] Connection closed by localRank 0
compute-gpu-dy-distributed-ml-1:41430:41430 [0] NCCL INFO comm 0x5a298cc0 rank 0 nranks 4 cudaDev 0 busId 1b0 - Abort COMPLETE
